test__return_inputFileIntegrity (test.test_port_harcourt_weather.TddSmallestTemperatureSpread) ... FAIL

======================================================================
FAIL: test__return_inputFileIntegrity (test.test_port_harcourt_weather.TddSmallestTemperatureSpread)
----------------------------------------------------------------------
Traceback (most recent call last):
  File "/home/mosud/Desktop/SWESkills/tdd_basic_TestDrivenDevelopment/test/test_port_harcourt_weather.py", line 13, in test__return_inputFileIntegrity
    self.assertEqual('port-harcourt-weather.txt', result)
AssertionError: 'port-harcourt-weather.txt' != None

----------------------------------------------------------------------
Ran 1 test in 0.001s

FAILED (failures=1)
test__return_inputFileIntegrity (test.test_port_harcourt_weather.TddSmallestTemperatureSpread) ... ok

----------------------------------------------------------------------
Ran 1 test in 0.001s

OK
test__return_exception_if_file_extension_not_txt (test.test_port_harcourt_weather.TddSmallestTemperatureSpread) ... FAIL
test__return_inputFileIntegrity (test.test_port_harcourt_weather.TddSmallestTemperatureSpread) ... ok

======================================================================
FAIL: test__return_exception_if_file_extension_not_txt (test.test_port_harcourt_weather.TddSmallestTemperatureSpread)
----------------------------------------------------------------------
Traceback (most recent call last):
  File "/home/mosud/Desktop/SWESkills/tdd_basic_TestDrivenDevelopment/test/test_port_harcourt_weather.py", line 17, in test__return_exception_if_file_extension_not_txt
    self.assertRaises(ValueError, self.inputFilename.confirmFileIntergrity, 'port-harcourt-weather')
AssertionError: ValueError not raised

----------------------------------------------------------------------
Ran 2 tests in 0.001s

FAILED (failures=1)
test__return_exception_if_file_extension_not_txt (test.test_port_harcourt_weather.TddSmallestTemperatureSpread) ... ok
test__return_inputFileIntegrity (test.test_port_harcourt_weather.TddSmallestTemperatureSpread) ... ok

----------------------------------------------------------------------
Ran 2 tests in 0.001s

OK

test__return_error_if_resultfile_empty (test.test_port_harcourt_weather.TddSmallestTemperatureSpread) ... FAIL
test__return_exception_if_file_extension_not_txt (test.test_port_harcourt_weather.TddSmallestTemperatureSpread) ... ok
test__return_inputFileIntegrity (test.test_port_harcourt_weather.TddSmallestTemperatureSpread) ... ok

======================================================================
FAIL: test__return_error_if_resultfile_empty (test.test_port_harcourt_weather.TddSmallestTemperatureSpread)
----------------------------------------------------------------------
Traceback (most recent call last):
  File "/home/mosud/Desktop/SWESkills/tdd_basic_TestDrivenDevelopment/test/test_port_harcourt_weather.py", line 21, in test__return_error_if_resultfile_empty
    self.assertRaises(ValueError, self.inputFilename.confirmFileIntergrity, 'zerofile-port-harcourt-weather.txt')
AssertionError: ValueError not raised

----------------------------------------------------------------------
Ran 3 tests in 0.001s

FAILED (failures=1)
test__return_error_if_resultfile_empty (test.test_port_harcourt_weather.TddSmallestTemperatureSpread) ... ok
test__return_exception_if_file_extension_not_txt (test.test_port_harcourt_weather.TddSmallestTemperatureSpread) ... ok
test__return_inputFileIntegrity (test.test_port_harcourt_weather.TddSmallestTemperatureSpread) ... ok

----------------------------------------------------------------------
Ran 3 tests in 0.001s

OK
test__return_error_if_resultfile_empty (test.test_port_harcourt_weather.TddSmallestTemperatureSpread) ... ok
test__return_error_if_resultfile_iteration_can_not_produce_to_team_list (test.test_port_harcourt_weather.TddSmallestTemperatureSpread) ... FAIL
test__return_exception_if_file_extension_not_txt (test.test_port_harcourt_weather.TddSmallestTemperatureSpread) ... ok
test__return_inputFileIntegrity (test.test_port_harcourt_weather.TddSmallestTemperatureSpread) ... ok

======================================================================
FAIL: test__return_error_if_resultfile_iteration_can_not_produce_to_team_list (test.test_port_harcourt_weather.TddSmallestTemperatureSpread)
----------------------------------------------------------------------
Traceback (most recent call last):
  File "/home/mosud/Desktop/SWESkills/tdd_basic_TestDrivenDevelopment/test/test_port_harcourt_weather.py", line 27, in test__return_error_if_resultfile_iteration_can_not_produce_to_team_list
    self.assertIsInstance(dailyList, list)
AssertionError: None is not an instance of <type 'list'>

----------------------------------------------------------------------
Ran 4 tests in 0.001s

FAILED (failures=1)
test__return_error_if_resultfile_empty (test.test_port_harcourt_weather.TddSmallestTemperatureSpread) ... ok
test__return_error_if_resultfile_iteration_can_not_produce_to_team_list (test.test_port_harcourt_weather.TddSmallestTemperatureSpread) ... ok
test__return_exception_if_file_extension_not_txt (test.test_port_harcourt_weather.TddSmallestTemperatureSpread) ... ok
test__return_inputFileIntegrity (test.test_port_harcourt_weather.TddSmallestTemperatureSpread) ... ok

----------------------------------------------------------------------
Ran 4 tests in 0.002s

OK
